CRITICAL - 2023-06-17 10:37:27 --> Undefined variable $user_count
in APPPATH\Controllers\blog.php on line 25.
 1 APPPATH\Controllers\blog.php(25): CodeIgniter\Debug\Exceptions->errorHandler(2, 'Undefined variable $user_count', 'C:\\xampp\\htdocs\\DumaliGonzalesLeona1-master\\app\\Controllers\\blog.php', 25)
 2 SYSTEMPATH\CodeIgniter.php(934): App\Controllers\blog->getValues()
 3 SYSTEMPATH\CodeIgniter.php(499): CodeIgniter\CodeIgniter->runController(Object(App\Controllers\blog))
 4 SYSTEMPATH\CodeIgniter.php(368): CodeIgniter\CodeIgniter->handleRequest(null, Object(Config\Cache), false)
 5 FCPATH\index.php(67): CodeIgniter\CodeIgniter->run()
 6 SYSTEMPATH\Commands\Server\rewrite.php(47): require_once('C:\\xampp\\htdocs\\DumaliGonzalesLeona1-master\\public\\index.php')
ERROR - 2023-06-17 11:44:44 --> Error connecting to the database: mysqli_sql_exception: Access denied for user 'root'@'localhost' (using password: YES) in C:\xampp\htdocs\DumaliGonzalesLeona1-master\system\Database\MySQLi\Connection.php:173
Stack trace:
#0 C:\xampp\htdocs\DumaliGonzalesLeona1-master\system\Database\MySQLi\Connection.php(173): mysqli->real_connect('localhost', 'root', Object(SensitiveParameterValue), 'user_account', 3306, '', 0)
#1 C:\xampp\htdocs\DumaliGonzalesLeona1-master\system\Database\BaseConnection.php(391): CodeIgniter\Database\MySQLi\Connection->connect(false)
#2 C:\xampp\htdocs\DumaliGonzalesLeona1-master\system\Database\BaseConnection.php(573): CodeIgniter\Database\BaseConnection->initialize()
#3 C:\xampp\htdocs\DumaliGonzalesLeona1-master\system\Database\BaseConnection.php(1408): CodeIgniter\Database\BaseConnection->query('SHOW TABLES FRO...')
#4 C:\xampp\htdocs\DumaliGonzalesLeona1-master\system\Database\BaseConnection.php(1427): CodeIgniter\Database\BaseConnection->listTables()
#5 C:\xampp\htdocs\DumaliGonzalesLeona1-master\system\Database\MigrationRunner.php(768): CodeIgniter\Database\BaseConnection->tableExists('migrations')
#6 C:\xampp\htdocs\DumaliGonzalesLeona1-master\system\Database\MigrationRunner.php(168): CodeIgniter\Database\MigrationRunner->ensureTable()
#7 C:\xampp\htdocs\DumaliGonzalesLeona1-master\system\Commands\Database\Migrate.php(84): CodeIgniter\Database\MigrationRunner->latest(NULL)
#8 C:\xampp\htdocs\DumaliGonzalesLeona1-master\system\CLI\Commands.php(65): CodeIgniter\Commands\Database\Migrate->run(Array)
#9 C:\xampp\htdocs\DumaliGonzalesLeona1-master\system\CLI\Console.php(37): CodeIgniter\CLI\Commands->run('migrate', Array)
#10 C:\xampp\htdocs\DumaliGonzalesLeona1-master\spark(97): CodeIgniter\CLI\Console->run()
#11 {main}

Next CodeIgniter\Database\Exceptions\DatabaseException: Access denied for user '****'@'localhost' (using password: YES) in C:\xampp\htdocs\DumaliGonzalesLeona1-master\system\Database\MySQLi\Connection.php:218
Stack trace:
#0 C:\xampp\htdocs\DumaliGonzalesLeona1-master\system\Database\BaseConnection.php(391): CodeIgniter\Database\MySQLi\Connection->connect(false)
#1 C:\xampp\htdocs\DumaliGonzalesLeona1-master\system\Database\BaseConnection.php(573): CodeIgniter\Database\BaseConnection->initialize()
#2 C:\xampp\htdocs\DumaliGonzalesLeona1-master\system\Database\BaseConnection.php(1408): CodeIgniter\Database\BaseConnection->query('SHOW TABLES FRO...')
#3 C:\xampp\htdocs\DumaliGonzalesLeona1-master\system\Database\BaseConnection.php(1427): CodeIgniter\Database\BaseConnection->listTables()
#4 C:\xampp\htdocs\DumaliGonzalesLeona1-master\system\Database\MigrationRunner.php(768): CodeIgniter\Database\BaseConnection->tableExists('migrations')
#5 C:\xampp\htdocs\DumaliGonzalesLeona1-master\system\Database\MigrationRunner.php(168): CodeIgniter\Database\MigrationRunner->ensureTable()
#6 C:\xampp\htdocs\DumaliGonzalesLeona1-master\system\Commands\Database\Migrate.php(84): CodeIgniter\Database\MigrationRunner->latest(NULL)
#7 C:\xampp\htdocs\DumaliGonzalesLeona1-master\system\CLI\Commands.php(65): CodeIgniter\Commands\Database\Migrate->run(Array)
#8 C:\xampp\htdocs\DumaliGonzalesLeona1-master\system\CLI\Console.php(37): CodeIgniter\CLI\Commands->run('migrate', Array)
#9 C:\xampp\htdocs\DumaliGonzalesLeona1-master\spark(97): CodeIgniter\CLI\Console->run()
#10 {main}
ERROR - 2023-06-17 11:56:49 --> mysqli_sql_exception: You have an error in your SQL syntax; check the manual that corresponds to your MariaDB server version for the right syntax to use near '1 PRIMARY KEY(`role_id`)
) DEFAULT CHARACTER SET = utf8 COLLATE = utf8_genera...' at line 6 in C:\xampp\htdocs\DumaliGonzalesLeona1-master\system\Database\MySQLi\Connection.php:295
Stack trace:
#0 C:\xampp\htdocs\DumaliGonzalesLeona1-master\system\Database\MySQLi\Connection.php(295): mysqli->query('CREATE TABLE `t...', 0)
#1 C:\xampp\htdocs\DumaliGonzalesLeona1-master\system\Database\BaseConnection.php(691): CodeIgniter\Database\MySQLi\Connection->execute('CREATE TABLE `t...')
#2 C:\xampp\htdocs\DumaliGonzalesLeona1-master\system\Database\BaseConnection.php(605): CodeIgniter\Database\BaseConnection->simpleQuery('CREATE TABLE `t...')
#3 C:\xampp\htdocs\DumaliGonzalesLeona1-master\system\Database\Forge.php(546): CodeIgniter\Database\BaseConnection->query('CREATE TABLE `t...')
#4 C:\xampp\htdocs\DumaliGonzalesLeona1-master\app\Database\Migrations\2023-06-17-113214_Role.php(35): CodeIgniter\Database\Forge->createTable('tbl_roles')
#5 C:\xampp\htdocs\DumaliGonzalesLeona1-master\system\Database\MigrationRunner.php(877): App\Database\Migrations\Role->up()
#6 C:\xampp\htdocs\DumaliGonzalesLeona1-master\system\Database\MigrationRunner.php(188): CodeIgniter\Database\MigrationRunner->migrate('up', Object(stdClass))
#7 C:\xampp\htdocs\DumaliGonzalesLeona1-master\system\Commands\Database\Migrate.php(84): CodeIgniter\Database\MigrationRunner->latest(NULL)
#8 C:\xampp\htdocs\DumaliGonzalesLeona1-master\system\CLI\Commands.php(65): CodeIgniter\Commands\Database\Migrate->run(Array)
#9 C:\xampp\htdocs\DumaliGonzalesLeona1-master\system\CLI\Console.php(37): CodeIgniter\CLI\Commands->run('migrate', Array)
#10 C:\xampp\htdocs\DumaliGonzalesLeona1-master\spark(97): CodeIgniter\CLI\Console->run()
#11 {main}
ERROR - 2023-06-17 11:57:15 --> mysqli_sql_exception: You have an error in your SQL syntax; check the manual that corresponds to your MariaDB server version for the right syntax to use near '1 PRIMARY KEY(`role_id`)
) DEFAULT CHARACTER SET = utf8 COLLATE = utf8_genera...' at line 6 in C:\xampp\htdocs\DumaliGonzalesLeona1-master\system\Database\MySQLi\Connection.php:295
Stack trace:
#0 C:\xampp\htdocs\DumaliGonzalesLeona1-master\system\Database\MySQLi\Connection.php(295): mysqli->query('CREATE TABLE `t...', 0)
#1 C:\xampp\htdocs\DumaliGonzalesLeona1-master\system\Database\BaseConnection.php(691): CodeIgniter\Database\MySQLi\Connection->execute('CREATE TABLE `t...')
#2 C:\xampp\htdocs\DumaliGonzalesLeona1-master\system\Database\BaseConnection.php(605): CodeIgniter\Database\BaseConnection->simpleQuery('CREATE TABLE `t...')
#3 C:\xampp\htdocs\DumaliGonzalesLeona1-master\system\Database\Forge.php(546): CodeIgniter\Database\BaseConnection->query('CREATE TABLE `t...')
#4 C:\xampp\htdocs\DumaliGonzalesLeona1-master\app\Database\Migrations\2023-06-17-113214_Role.php(35): CodeIgniter\Database\Forge->createTable('tbl_roles')
#5 C:\xampp\htdocs\DumaliGonzalesLeona1-master\system\Database\MigrationRunner.php(877): App\Database\Migrations\Role->up()
#6 C:\xampp\htdocs\DumaliGonzalesLeona1-master\system\Database\MigrationRunner.php(188): CodeIgniter\Database\MigrationRunner->migrate('up', Object(stdClass))
#7 C:\xampp\htdocs\DumaliGonzalesLeona1-master\system\Commands\Database\Migrate.php(84): CodeIgniter\Database\MigrationRunner->latest(NULL)
#8 C:\xampp\htdocs\DumaliGonzalesLeona1-master\system\CLI\Commands.php(65): CodeIgniter\Commands\Database\Migrate->run(Array)
#9 C:\xampp\htdocs\DumaliGonzalesLeona1-master\system\CLI\Console.php(37): CodeIgniter\CLI\Commands->run('migrate', Array)
#10 C:\xampp\htdocs\DumaliGonzalesLeona1-master\spark(97): CodeIgniter\CLI\Console->run()
#11 {main}
ERROR - 2023-06-17 12:02:06 --> mysqli_sql_exception: You have an error in your SQL syntax; check the manual that corresponds to your MariaDB server version for the right syntax to use near '1 PRIMARY KEY(`role_id`)
) DEFAULT CHARACTER SET = utf8 COLLATE = utf8_genera...' at line 6 in C:\xampp\htdocs\DumaliGonzalesLeona1-master\system\Database\MySQLi\Connection.php:295
Stack trace:
#0 C:\xampp\htdocs\DumaliGonzalesLeona1-master\system\Database\MySQLi\Connection.php(295): mysqli->query('CREATE TABLE `t...', 0)
#1 C:\xampp\htdocs\DumaliGonzalesLeona1-master\system\Database\BaseConnection.php(691): CodeIgniter\Database\MySQLi\Connection->execute('CREATE TABLE `t...')
#2 C:\xampp\htdocs\DumaliGonzalesLeona1-master\system\Database\BaseConnection.php(605): CodeIgniter\Database\BaseConnection->simpleQuery('CREATE TABLE `t...')
#3 C:\xampp\htdocs\DumaliGonzalesLeona1-master\system\Database\Forge.php(546): CodeIgniter\Database\BaseConnection->query('CREATE TABLE `t...')
#4 C:\xampp\htdocs\DumaliGonzalesLeona1-master\app\Database\Migrations\2023-06-17-113214_Role.php(39): CodeIgniter\Database\Forge->createTable('tbl_roles')
#5 C:\xampp\htdocs\DumaliGonzalesLeona1-master\system\Database\MigrationRunner.php(877): App\Database\Migrations\Role->up()
#6 C:\xampp\htdocs\DumaliGonzalesLeona1-master\system\Database\MigrationRunner.php(188): CodeIgniter\Database\MigrationRunner->migrate('up', Object(stdClass))
#7 C:\xampp\htdocs\DumaliGonzalesLeona1-master\system\Commands\Database\Migrate.php(84): CodeIgniter\Database\MigrationRunner->latest(NULL)
#8 C:\xampp\htdocs\DumaliGonzalesLeona1-master\system\CLI\Commands.php(65): CodeIgniter\Commands\Database\Migrate->run(Array)
#9 C:\xampp\htdocs\DumaliGonzalesLeona1-master\system\CLI\Console.php(37): CodeIgniter\CLI\Commands->run('migrate', Array)
#10 C:\xampp\htdocs\DumaliGonzalesLeona1-master\spark(97): CodeIgniter\CLI\Console->run()
#11 {main}
