CRITICAL - 2023-06-14 07:49:44 --> Call to undefined method CodeIgniter\View\View::extends()
in APPPATH\Views\blog_view.php on line 1.
 1 SYSTEMPATH\View\View.php(213): include()
 2 SYSTEMPATH\View\View.php(216): CodeIgniter\View\View->CodeIgniter\View\{closure}()
 3 SYSTEMPATH\Common.php(1184): CodeIgniter\View\View->render('blog_view', [], true)
 4 APPPATH\Controllers\blog.php(14): view('blog_view', [...])
 5 SYSTEMPATH\CodeIgniter.php(934): App\Controllers\blog->index()
 6 SYSTEMPATH\CodeIgniter.php(499): CodeIgniter\CodeIgniter->runController(Object(App\Controllers\blog))
 7 SYSTEMPATH\CodeIgniter.php(368): CodeIgniter\CodeIgniter->handleRequest(null, Object(Config\Cache), false)
 8 FCPATH\index.php(67): CodeIgniter\CodeIgniter->run()
 9 SYSTEMPATH\Commands\Server\rewrite.php(47): require_once('C:\\xampp\\htdocs\\DumaliGonzalesLeona1-master\\public\\index.php')
CRITICAL - 2023-06-14 07:49:46 --> Call to undefined method CodeIgniter\View\View::extends()
in APPPATH\Views\blog_view.php on line 1.
 1 SYSTEMPATH\View\View.php(213): include()
 2 SYSTEMPATH\View\View.php(216): CodeIgniter\View\View->CodeIgniter\View\{closure}()
 3 SYSTEMPATH\Common.php(1184): CodeIgniter\View\View->render('blog_view', [], true)
 4 APPPATH\Controllers\blog.php(14): view('blog_view', [...])
 5 SYSTEMPATH\CodeIgniter.php(934): App\Controllers\blog->index()
 6 SYSTEMPATH\CodeIgniter.php(499): CodeIgniter\CodeIgniter->runController(Object(App\Controllers\blog))
 7 SYSTEMPATH\CodeIgniter.php(368): CodeIgniter\CodeIgniter->handleRequest(null, Object(Config\Cache), false)
 8 FCPATH\index.php(67): CodeIgniter\CodeIgniter->run()
 9 SYSTEMPATH\Commands\Server\rewrite.php(47): require_once('C:\\xampp\\htdocs\\DumaliGonzalesLeona1-master\\public\\index.php')
CRITICAL - 2023-06-14 07:49:46 --> Call to undefined method CodeIgniter\View\View::extends()
in APPPATH\Views\blog_view.php on line 1.
 1 SYSTEMPATH\View\View.php(213): include()
 2 SYSTEMPATH\View\View.php(216): CodeIgniter\View\View->CodeIgniter\View\{closure}()
 3 SYSTEMPATH\Common.php(1184): CodeIgniter\View\View->render('blog_view', [], true)
 4 APPPATH\Controllers\blog.php(14): view('blog_view', [...])
 5 SYSTEMPATH\CodeIgniter.php(934): App\Controllers\blog->index()
 6 SYSTEMPATH\CodeIgniter.php(499): CodeIgniter\CodeIgniter->runController(Object(App\Controllers\blog))
 7 SYSTEMPATH\CodeIgniter.php(368): CodeIgniter\CodeIgniter->handleRequest(null, Object(Config\Cache), false)
 8 FCPATH\index.php(67): CodeIgniter\CodeIgniter->run()
 9 SYSTEMPATH\Commands\Server\rewrite.php(47): require_once('C:\\xampp\\htdocs\\DumaliGonzalesLeona1-master\\public\\index.php')
CRITICAL - 2023-06-14 07:50:17 --> Call to undefined method CodeIgniter\View\View::extends()
in APPPATH\Views\blog_view.php on line 1.
 1 SYSTEMPATH\View\View.php(213): include()
 2 SYSTEMPATH\View\View.php(216): CodeIgniter\View\View->CodeIgniter\View\{closure}()
 3 SYSTEMPATH\Common.php(1184): CodeIgniter\View\View->render('blog_view', [], true)
 4 APPPATH\Controllers\blog.php(14): view('blog_view', [...])
 5 SYSTEMPATH\CodeIgniter.php(934): App\Controllers\blog->index()
 6 SYSTEMPATH\CodeIgniter.php(499): CodeIgniter\CodeIgniter->runController(Object(App\Controllers\blog))
 7 SYSTEMPATH\CodeIgniter.php(368): CodeIgniter\CodeIgniter->handleRequest(null, Object(Config\Cache), false)
 8 FCPATH\index.php(67): CodeIgniter\CodeIgniter->run()
 9 SYSTEMPATH\Commands\Server\rewrite.php(47): require_once('C:\\xampp\\htdocs\\DumaliGonzalesLeona1-master\\public\\index.php')
CRITICAL - 2023-06-14 07:50:18 --> Call to undefined method CodeIgniter\View\View::extends()
in APPPATH\Views\blog_view.php on line 1.
 1 SYSTEMPATH\View\View.php(213): include()
 2 SYSTEMPATH\View\View.php(216): CodeIgniter\View\View->CodeIgniter\View\{closure}()
 3 SYSTEMPATH\Common.php(1184): CodeIgniter\View\View->render('blog_view', [], true)
 4 APPPATH\Controllers\blog.php(14): view('blog_view', [...])
 5 SYSTEMPATH\CodeIgniter.php(934): App\Controllers\blog->index()
 6 SYSTEMPATH\CodeIgniter.php(499): CodeIgniter\CodeIgniter->runController(Object(App\Controllers\blog))
 7 SYSTEMPATH\CodeIgniter.php(368): CodeIgniter\CodeIgniter->handleRequest(null, Object(Config\Cache), false)
 8 FCPATH\index.php(67): CodeIgniter\CodeIgniter->run()
 9 SYSTEMPATH\Commands\Server\rewrite.php(47): require_once('C:\\xampp\\htdocs\\DumaliGonzalesLeona1-master\\public\\index.php')
CRITICAL - 2023-06-14 07:50:18 --> Call to undefined method CodeIgniter\View\View::extends()
in APPPATH\Views\blog_view.php on line 1.
 1 SYSTEMPATH\View\View.php(213): include()
 2 SYSTEMPATH\View\View.php(216): CodeIgniter\View\View->CodeIgniter\View\{closure}()
 3 SYSTEMPATH\Common.php(1184): CodeIgniter\View\View->render('blog_view', [], true)
 4 APPPATH\Controllers\blog.php(14): view('blog_view', [...])
 5 SYSTEMPATH\CodeIgniter.php(934): App\Controllers\blog->index()
 6 SYSTEMPATH\CodeIgniter.php(499): CodeIgniter\CodeIgniter->runController(Object(App\Controllers\blog))
 7 SYSTEMPATH\CodeIgniter.php(368): CodeIgniter\CodeIgniter->handleRequest(null, Object(Config\Cache), false)
 8 FCPATH\index.php(67): CodeIgniter\CodeIgniter->run()
 9 SYSTEMPATH\Commands\Server\rewrite.php(47): require_once('C:\\xampp\\htdocs\\DumaliGonzalesLeona1-master\\public\\index.php')
CRITICAL - 2023-06-14 07:50:18 --> Call to undefined method CodeIgniter\View\View::extends()
in APPPATH\Views\blog_view.php on line 1.
 1 SYSTEMPATH\View\View.php(213): include()
 2 SYSTEMPATH\View\View.php(216): CodeIgniter\View\View->CodeIgniter\View\{closure}()
 3 SYSTEMPATH\Common.php(1184): CodeIgniter\View\View->render('blog_view', [], true)
 4 APPPATH\Controllers\blog.php(14): view('blog_view', [...])
 5 SYSTEMPATH\CodeIgniter.php(934): App\Controllers\blog->index()
 6 SYSTEMPATH\CodeIgniter.php(499): CodeIgniter\CodeIgniter->runController(Object(App\Controllers\blog))
 7 SYSTEMPATH\CodeIgniter.php(368): CodeIgniter\CodeIgniter->handleRequest(null, Object(Config\Cache), false)
 8 FCPATH\index.php(67): CodeIgniter\CodeIgniter->run()
 9 SYSTEMPATH\Commands\Server\rewrite.php(47): require_once('C:\\xampp\\htdocs\\DumaliGonzalesLeona1-master\\public\\index.php')
CRITICAL - 2023-06-14 07:50:18 --> Call to undefined method CodeIgniter\View\View::extends()
in APPPATH\Views\blog_view.php on line 1.
 1 SYSTEMPATH\View\View.php(213): include()
 2 SYSTEMPATH\View\View.php(216): CodeIgniter\View\View->CodeIgniter\View\{closure}()
 3 SYSTEMPATH\Common.php(1184): CodeIgniter\View\View->render('blog_view', [], true)
 4 APPPATH\Controllers\blog.php(14): view('blog_view', [...])
 5 SYSTEMPATH\CodeIgniter.php(934): App\Controllers\blog->index()
 6 SYSTEMPATH\CodeIgniter.php(499): CodeIgniter\CodeIgniter->runController(Object(App\Controllers\blog))
 7 SYSTEMPATH\CodeIgniter.php(368): CodeIgniter\CodeIgniter->handleRequest(null, Object(Config\Cache), false)
 8 FCPATH\index.php(67): CodeIgniter\CodeIgniter->run()
 9 SYSTEMPATH\Commands\Server\rewrite.php(47): require_once('C:\\xampp\\htdocs\\DumaliGonzalesLeona1-master\\public\\index.php')
CRITICAL - 2023-06-14 07:50:19 --> Call to undefined method CodeIgniter\View\View::extends()
in APPPATH\Views\blog_view.php on line 1.
 1 SYSTEMPATH\View\View.php(213): include()
 2 SYSTEMPATH\View\View.php(216): CodeIgniter\View\View->CodeIgniter\View\{closure}()
 3 SYSTEMPATH\Common.php(1184): CodeIgniter\View\View->render('blog_view', [], true)
 4 APPPATH\Controllers\blog.php(14): view('blog_view', [...])
 5 SYSTEMPATH\CodeIgniter.php(934): App\Controllers\blog->index()
 6 SYSTEMPATH\CodeIgniter.php(499): CodeIgniter\CodeIgniter->runController(Object(App\Controllers\blog))
 7 SYSTEMPATH\CodeIgniter.php(368): CodeIgniter\CodeIgniter->handleRequest(null, Object(Config\Cache), false)
 8 FCPATH\index.php(67): CodeIgniter\CodeIgniter->run()
 9 SYSTEMPATH\Commands\Server\rewrite.php(47): require_once('C:\\xampp\\htdocs\\DumaliGonzalesLeona1-master\\public\\index.php')
